2023-01-12T08:48:23+00:00 DEBUG POST: https://ads.tiktok.com/marketing_api/api/developer/app/create_auto_approve/

{"business_platform":"PROD","smb_id":"tt4b_woocommerce_63bfc957a6779httplocalhostwordpresswp-admin","smb_name":"PROD","redirect_url":"http:\/\/localhost\/wordpress\/wp-admin\/"}
 ajax: DOING_AJAX
2023-01-12T08:48:24+00:00 DEBUG Tt4b_Mapi_Class::create_open_source_app: Response: 

HTTP/1.1 200 OK
Server: nginx
Content-Type: application/json
X-Tt-Logid: 2023011208482348A7A3692DCB77007FBA,2023011208482348A7A3692DCB77007FBA
x-tt-trace-host: 01cae7c129b09c7483e9fb523bbb9e74f811449e2496f16ab52abcd40bb73880f591a58d8187dbf9b8b82b3a20122172bc8d8542f72ec4c6d3e3239b1bcc019441d9d69834ac8b5bd4a77de7feb6bc0546d67deee8980e5ef7826e53dac13522c26bddd8f94ca9b4897019efdec2336ac642093d6c4597408a550b910bb39ff3a6
Content-Encoding: gzip
Content-Length: 207
X-Origin-Response-Time: 72,23.44.4.53
X-Akamai-Request-ID: cc015eb8.c0c77d.e8b7d7f
X-Parent-Response-Time: 292,2.20.178.87
Date: Thu, 12 Jan 2023 08:48:24 GMT
X-Cache: TCP_MISS from a23-52-67-30.deploy.akamaitechnologies.com (AkamaiGHost/10.10.3-45298580) (-)
Connection: close
Vary: Accept-Encoding
X-Cache-Remote: TCP_MISS from a2-20-178-87.deploy.akamaitechnologies.com (AkamaiGHost/10.10.3-45298580) (-)
x-tt-trace-tag: id=16;cdn-cache=miss;type=dyn
Server-Timing: cdn-cache; desc=MISS, edge; dur=228, origin; dur=72
Server-Timing: inner; dur=64
X-Parent-Response-Time: 296,23.52.67.30

{"code":0,"msg":"ok","data":{"redirect_uri":"http:\/\/localhost\/wordpress\/wp-admin\/","external_data_key":"81426dcf-8e70-483a-955c-2b78f095625c","app_id":"7187684910797176833","app_secret":"5bccea00d3973a659e038526b455af1b2e06f75f"}}

2023-01-12T10:05:45+00:00 DEBUG POST: https://business-api.tiktok.com/open_api/v1.2/tbp/business_profile/disconnect/

{"external_business_id":"tt4b_woocommerce_63bfc957a6779","business_platform":"WOO_COMMERCE","is_setup_page":0,"app_id":"7187684910797176833"}
 ajax: DOING_AJAX
2023-01-12T10:05:46+00:00 DEBUG Tt4b_Mapi_Class::mapi_post: Response: 

HTTP/1.1 200 OK
Server: nginx
Content-Type: application/json; charset=utf-8
Content-Length: 103
X-Api-Deprecation-Info: API for Business Version 1.3 is now live. To avoid disruption to your business, we recommend you migrate all calls to v1.3 as soon as possible. Please visit our migration guide for more details: https://ads.tiktok.com/marketing_api/docs?id=1740029169927169
X-Domain-Change-Info: We have moved to the new domain business-api.tiktok.com for API services after the Platform Upgrade on 09/30/2021. Please update all of your requests with the new domain if you haven't done so already. For more information, please visit https://ads.tiktok.com/marketing_api/docs?rid=esb88xalm6m&id=1709207085043713
X-Tt-Logid: 20230112100544A2A4A95EA9C98500AB30
x-tt-trace-host: 0147fa16f4430687abc1a71037f9da0c6c46dc82a67739e5d51d625e9f2c49052e544af2134de273ef4ecd402fc93ccb5dcb8c801c133c33dd9e7185e1382e86dd6cf8eb7ddf8ae8e8933e1e0101a94d49b218bfe42c4bd6c4eb09421e2b8c6900ae130d4fe5d03a564ffae6525f46e6ce
X-Origin-Response-Time: 11,23.194.187.171
X-Akamai-Request-ID: 47f84735.772115d
Expires: Thu, 12 Jan 2023 10:05:46 GMT
Cache-Control: max-age=0, no-cache, no-store
Pragma: no-cache
Date: Thu, 12 Jan 2023 10:05:46 GMT
X-Cache: TCP_MISS from a95-100-252-149.deploy.akamaitechnologies.com (AkamaiGHost/10.10.3-45298580) (-)
Connection: close
X-Cache-Remote: TCP_MISS from a23-194-187-171.deploy.akamaitechnologies.com (AkamaiGHost/10.10.3-45298580) (-)
x-tt-trace-tag: id=16;cdn-cache=miss;type=dyn
Server-Timing: cdn-cache; desc=MISS, edge; dur=175, origin; dur=10
Server-Timing: inner; dur=7
X-Parent-Response-Time: 185,95.100.252.149

{"code":40104,"message":"The access_token is empty.","request_id":"20230112100544A2A4A95EA9C98500AB30"}

2023-01-12T10:05:46+00:00 DEBUG POST: https://business-api.tiktok.com/tbp/v2.0/shop/connection/disconnect?external_data=

--- EMPTY STRING ---
 ajax: DOING_AJAX
2023-01-12T10:05:46+00:00 DEBUG Tt4b_Mapi_Class::tts_shop_disconnect: Response: 

HTTP/1.1 200 OK
Server: nginx
Content-Type: application/json; charset=utf-8
Content-Length: 95
X-Api-Deprecation-Info: API for Business Version 1.3 is now live. To avoid disruption to your business, we recommend you migrate all calls to v1.3 as soon as possible. Please visit our migration guide for more details: https://ads.tiktok.com/marketing_api/docs?id=1740029169927169
X-Domain-Change-Info: We have moved to the new domain business-api.tiktok.com for API services after the Platform Upgrade on 09/30/2021. Please update all of your requests with the new domain if you haven't done so already. For more information, please visit https://ads.tiktok.com/marketing_api/docs?rid=esb88xalm6m&id=1709207085043713
X-Tt-Logid: 202301121005451B4E8A02059A8E00B656
x-tt-trace-host: 0147fa16f4430687abc1a71037f9da0c6c46dc82a67739e5d51d625e9f2c49052e19f8634d675ba093f4bf04f73c1eb211372d0e33074490c4778844fe0460a2e9ba381c0f4fe76ce68c28fe9d080e75b126235d9c22ea0916d8627eac625bd5ff4c2fad036d49c5b0e3f3ec04502325cb
X-Origin-Response-Time: 18,23.61.205.68
X-Akamai-Request-ID: be04ca2.77212ae
Expires: Thu, 12 Jan 2023 10:05:46 GMT
Cache-Control: max-age=0, no-cache, no-store
Pragma: no-cache
Date: Thu, 12 Jan 2023 10:05:46 GMT
X-Cache: TCP_MISS from a95-100-252-149.deploy.akamaitechnologies.com (AkamaiGHost/10.10.3-45298580) (-)
Connection: close
X-Cache-Remote: TCP_MISS from a23-61-205-68.deploy.akamaitechnologies.com (AkamaiGHost/10.10.3-45298580) (-)
x-tt-trace-tag: id=16;cdn-cache=miss;type=dyn
Server-Timing: cdn-cache; desc=MISS, edge; dur=154, origin; dur=18
Server-Timing: inner; dur=11
X-Parent-Response-Time: 172,95.100.252.149

{"code":40001,"message":"Permission denied.","request_id":"202301121005451B4E8A02059A8E00B656"}

2023-01-12T10:08:51+00:00 DEBUG POST: https://ads.tiktok.com/marketing_api/api/developer/app/create_auto_approve/

{"business_platform":"PROD","smb_id":"tt4b_woocommerce_63bfc957a6779httplocalhostwordpresswp-admin","smb_name":"PROD","redirect_url":"http:\/\/localhost\/wordpress\/wp-admin\/"}
 ajax: DOING_AJAX
2023-01-12T10:08:56+00:00 ERROR Tt4b_Mapi_Class::create_open_source_app: Response: 

http_request_failed: cURL error 28: Operation timed out after 5001 milliseconds with 0 out of 0 bytes received

2023-01-12T10:09:01+00:00 ERROR Tt4b_Mapi_Class::create_open_source_app: Response: 

http_request_failed: cURL error 28: Operation timed out after 5001 milliseconds with 0 out of 0 bytes received

2023-01-12T10:09:06+00:00 ERROR Tt4b_Mapi_Class::create_open_source_app: Response: 

http_request_failed: cURL error 28: Operation timed out after 5001 milliseconds with 0 out of 0 bytes received

2023-01-12T10:09:10+00:00 DEBUG Tt4b_Mapi_Class::create_open_source_app: Response: 

HTTP/1.1 200 OK
Server: nginx
Content-Type: application/json
X-Tt-Logid: 202301121009096D3AE554F63AB90105D9,202301121009096D3AE554F63AB90105D9
Server-Timing: inner; dur=70
x-tt-trace-host: 01a2421d3d99c93b57a73a02d82e0b8a287f3a46f6fa97198ae652adc57a01c2974ed6d4166a998acef9b0a8c194b7f1257ba36d199b00c0aee7c9431e0b3f2262d2e3236a71d65f31092437cfd482a79957e63ce3a715f29c1cbbc67e1e51c7e7
Content-Encoding: gzip
Date: Thu, 12 Jan 2023 10:09:10 GMT
Content-Length: 207
X-Cache: TCP_MISS from a88-221-105-146.deploy.akamaitechnologies.com (AkamaiGHost/10.10.3-45298580) (-)
Connection: close
Vary: Accept-Encoding
x-tt-trace-tag: id=16;cdn-cache=miss;type=dyn
Server-Timing: cdn-cache; desc=MISS, edge; dur=6, origin; dur=1061
X-Origin-Response-Time: 1061,88.221.105.146
X-Akamai-Request-ID: 3a906fc

{"code":0,"msg":"ok","data":{"redirect_uri":"http:\/\/localhost\/wordpress\/wp-admin\/","external_data_key":"81426dcf-8e70-483a-955c-2b78f095625c","app_id":"7187684910797176833","app_secret":"5bccea00d3973a659e038526b455af1b2e06f75f"}}

